mobile_app/android_project/app/build/intermediates/manifest_merge_blame_file/release/manifest-merger-blame-release-report.txt
1<?xml version="1.0" encoding="utf-8"?>
2<manifest xmlns:android="http://schemas.android.com/apk/res/android"
3    package="com.simulato.app"
4    android:versionCode="1"
5    android:versionName="1.0.0" >
6
7    <uses-sdk
8        android:minSdkVersion="26"
9        android:targetSdkVersion="34" />
10
11    <uses-permission android:name="android.permission.INTERNET" />
11-->src\main\AndroidManifest.xml:5:5-67
11-->src\main\AndroidManifest.xml:5:22-64
12    <uses-permission android:name="android.permission.ACCESS_NETWORK_STATE" />
12-->src\main\AndroidManifest.xml:6:5-79
12-->src\main\AndroidManifest.xml:6:22-76
13    <uses-permission android:name="android.permission.CAMERA" />
13-->src\main\AndroidManifest.xml:7:5-65
13-->src\main\AndroidManifest.xml:7:22-62
14    <uses-permission android:name="android.permission.VIBRATE" />
14-->src\main\AndroidManifest.xml:8:5-66
14-->src\main\AndroidManifest.xml:8:22-63
15    <uses-permission android:name="android.permission.FOREGROUND_SERVICE" />
15-->src\main\AndroidManifest.xml:9:5-77
15-->src\main\AndroidManifest.xml:9:22-74
16
17    <uses-feature
17-->src\main\AndroidManifest.xml:11:5-85
18        android:name="android.hardware.camera"
18-->src\main\AndroidManifest.xml:11:19-57
19        android:required="false" />
19-->src\main\AndroidManifest.xml:11:58-82
20
21    <permission
21-->[androidx.core:core:1.12.0] AndroidManifest.xml:22:5-24:47
22        android:name="com.simulato.app.DYNAMIC_RECEIVER_NOT_EXPORTED_PERMISSION"
22-->[androidx.core:core:1.12.0] AndroidManifest.xml:23:9-81
23        android:protectionLevel="signature" />
23-->[androidx.core:core:1.12.0] AndroidManifest.xml:24:9-44
24
25    <uses-permission android:name="com.simulato.app.DYNAMIC_RECEIVER_NOT_EXPORTED_PERMISSION" />
25-->[androidx.core:core:1.12.0] AndroidManifest.xml:26:5-97
25-->[androidx.core:core:1.12.0] AndroidManifest.xml:26:22-94
26
27    <application
27-->src\main\AndroidManifest.xml:13:5-41:19
28        android:name="com.simulato.app.shared.SimulatoApp"
28-->src\main\AndroidManifest.xml:14:9-43
29        android:allowBackup="true"
29-->src\main\AndroidManifest.xml:15:9-35
30        android:appComponentFactory="androidx.core.app.CoreComponentFactory"
30-->[androidx.core:core:1.12.0] AndroidManifest.xml:28:18-86
31        android:extractNativeLibs="false"
32        android:icon="@android:drawable/sym_def_app_icon"
32-->src\main\AndroidManifest.xml:16:9-58
33        android:label="Simulato"
33-->src\main\AndroidManifest.xml:17:9-33
34        android:roundIcon="@android:drawable/sym_def_app_icon"
34-->src\main\AndroidManifest.xml:18:9-63
35        android:supportsRtl="true"
35-->src\main\AndroidManifest.xml:19:9-35
36        android:theme="@style/Theme.Simulato"
36-->src\main\AndroidManifest.xml:20:9-46
37        android:usesCleartextTraffic="true" >
37-->src\main\AndroidManifest.xml:21:9-44
38        <activity
38-->src\main\AndroidManifest.xml:24:9-31:20
39            android:name="com.simulato.app.HomeActivity"
39-->src\main\AndroidManifest.xml:25:13-41
40            android:exported="true" >
40-->src\main\AndroidManifest.xml:26:13-36
41            <intent-filter>
41-->src\main\AndroidManifest.xml:27:13-30:29
42                <action android:name="android.intent.action.MAIN" />
42-->src\main\AndroidManifest.xml:28:17-69
42-->src\main\AndroidManifest.xml:28:25-66
43
44                <category android:name="android.intent.category.LAUNCHER" />
44-->src\main\AndroidManifest.xml:29:17-77
44-->src\main\AndroidManifest.xml:29:27-74
45            </intent-filter>
46        </activity>
47        <activity android:name="com.simulato.app.capture.CaptureActivity" />
47-->src\main\AndroidManifest.xml:33:9-61
47-->src\main\AndroidManifest.xml:33:19-58
48        <activity android:name="com.simulato.app.remote.RemoteControlActivity" />
48-->src\main\AndroidManifest.xml:34:9-66
48-->src\main\AndroidManifest.xml:34:19-63
49
50        <service
50-->src\main\AndroidManifest.xml:36:9-39:63
51            android:name="com.simulato.app.service.HeartbeatService"
51-->src\main\AndroidManifest.xml:37:13-53
52            android:exported="false"
52-->src\main\AndroidManifest.xml:38:13-37
53            android:foregroundServiceType="connectedDevice" />
53-->src\main\AndroidManifest.xml:39:13-60
54        <service
54-->[androidx.camera:camera-camera2:1.3.1] AndroidManifest.xml:24:9-33:19
55            android:name="androidx.camera.core.impl.MetadataHolderService"
55-->[androidx.camera:camera-camera2:1.3.1] AndroidManifest.xml:25:13-75
56            android:enabled="false"
56-->[androidx.camera:camera-camera2:1.3.1] AndroidManifest.xml:26:13-36
57            android:exported="false" >
57-->[androidx.camera:camera-camera2:1.3.1] AndroidManifest.xml:27:13-37
58            <meta-data
58-->[androidx.camera:camera-camera2:1.3.1] AndroidManifest.xml:30:13-32:89
59                android:name="androidx.camera.core.impl.MetadataHolderService.DEFAULT_CONFIG_PROVIDER"
59-->[androidx.camera:camera-camera2:1.3.1] AndroidManifest.xml:31:17-103
60                android:value="androidx.camera.camera2.Camera2Config$DefaultProvider" />
60-->[androidx.camera:camera-camera2:1.3.1] AndroidManifest.xml:32:17-86
61        </service>
62
63        <provider
63-->[androidx.emoji2:emoji2:1.2.0] AndroidManifest.xml:24:9-32:20
64            android:name="androidx.startup.InitializationProvider"
64-->[androidx.emoji2:emoji2:1.2.0] AndroidManifest.xml:25:13-67
65            android:authorities="com.simulato.app.androidx-startup"
65-->[androidx.emoji2:emoji2:1.2.0] AndroidManifest.xml:26:13-68
66            android:exported="false" >
66-->[androidx.emoji2:emoji2:1.2.0] AndroidManifest.xml:27:13-37
67            <meta-data
67-->[androidx.emoji2:emoji2:1.2.0] AndroidManifest.xml:29:13-31:52
68                android:name="androidx.emoji2.text.EmojiCompatInitializer"
68-->[androidx.emoji2:emoji2:1.2.0] AndroidManifest.xml:30:17-75
69                android:value="androidx.startup" />
69-->[androidx.emoji2:emoji2:1.2.0] AndroidManifest.xml:31:17-49
70            <meta-data
70-->[androidx.lifecycle:lifecycle-process:2.7.0] AndroidManifest.xml:29:13-31:52
71                android:name="androidx.lifecycle.ProcessLifecycleInitializer"
71-->[androidx.lifecycle:lifecycle-process:2.7.0] AndroidManifest.xml:30:17-78
72                android:value="androidx.startup" />
72-->[androidx.lifecycle:lifecycle-process:2.7.0] AndroidManifest.xml:31:17-49
73            <meta-data
73-->[androidx.profileinstaller:profileinstaller:1.3.0] AndroidManifest.xml:29:13-31:52
74                android:name="androidx.profileinstaller.ProfileInstallerInitializer"
74-->[androidx.profileinstaller:profileinstaller:1.3.0] AndroidManifest.xml:30:17-85
75                android:value="androidx.startup" />
75-->[androidx.profileinstaller:profileinstaller:1.3.0] AndroidManifest.xml:31:17-49
76        </provider>
77
78        <receiver
78-->[androidx.profileinstaller:profileinstaller:1.3.0] AndroidManifest.xml:34:9-52:20
79            android:name="androidx.profileinstaller.ProfileInstallReceiver"
79-->[androidx.profileinstaller:profileinstaller:1.3.0] AndroidManifest.xml:35:13-76
80            android:directBootAware="false"
80-->[androidx.profileinstaller:profileinstaller:1.3.0] AndroidManifest.xml:36:13-44
81            android:enabled="true"
81-->[androidx.profileinstaller:profileinstaller:1.3.0] AndroidManifest.xml:37:13-35
82            android:exported="true"
82-->[androidx.profileinstaller:profileinstaller:1.3.0] AndroidManifest.xml:38:13-36
83            android:permission="android.permission.DUMP" >
83-->[androidx.profileinstaller:profileinstaller:1.3.0] AndroidManifest.xml:39:13-57
84            <intent-filter>
84-->[androidx.profileinstaller:profileinstaller:1.3.0] AndroidManifest.xml:40:13-42:29
85                <action android:name="androidx.profileinstaller.action.INSTALL_PROFILE" />
85-->[androidx.profileinstaller:profileinstaller:1.3.0] AndroidManifest.xml:41:17-91
85-->[androidx.profileinstaller:profileinstaller:1.3.0] AndroidManifest.xml:41:25-88
86            </intent-filter>
87            <intent-filter>
87-->[androidx.profileinstaller:profileinstaller:1.3.0] AndroidManifest.xml:43:13-45:29
88                <action android:name="androidx.profileinstaller.action.SKIP_FILE" />
88-->[androidx.profileinstaller:profileinstaller:1.3.0] AndroidManifest.xml:44:17-85
88-->[androidx.profileinstaller:profileinstaller:1.3.0] AndroidManifest.xml:44:25-82
89            </intent-filter>
90            <intent-filter>
90-->[androidx.profileinstaller:profileinstaller:1.3.0] AndroidManifest.xml:46:13-48:29
91                <action android:name="androidx.profileinstaller.action.SAVE_PROFILE" />
91-->[androidx.profileinstaller:profileinstaller:1.3.0] AndroidManifest.xml:47:17-88
91-->[androidx.profileinstaller:profileinstaller:1.3.0] AndroidManifest.xml:47:25-85
92            </intent-filter>
93            <intent-filter>
93-->[androidx.profileinstaller:profileinstaller:1.3.0] AndroidManifest.xml:49:13-51:29
94                <action android:name="androidx.profileinstaller.action.BENCHMARK_OPERATION" />
94-->[androidx.profileinstaller:profileinstaller:1.3.0] AndroidManifest.xml:50:17-95
94-->[androidx.profileinstaller:profileinstaller:1.3.0] AndroidManifest.xml:50:25-92
95            </intent-filter>
96        </receiver>
97    </application>
98
99</manifest>